<?xml version="1.0" encoding="UTF-8"?>
<testng-results skipped="0" failed="1" ignored="0" total="1" passed="0">
  <reporter-output>
  </reporter-output>
  <suite name="Default suite" duration-ms="12012" started-at="2018-11-27T19:34:14Z" finished-at="2018-11-27T19:34:26Z">
    <groups>
    </groups>
    <test name="Default test" duration-ms="12012" started-at="2018-11-27T19:34:14Z" finished-at="2018-11-27T19:34:26Z">
      <class name="com.flipkart.qa.tests.HomePageTest">
        <test-method status="PASS" signature="setUp()[pri:0, instance:com.flipkart.qa.tests.HomePageTest@3532ec19]" name="setUp" is-config="true" duration-ms="11264" started-at="2018-11-27T19:34:14Z" finished-at="2018-11-27T19:34:25Z">
          <reporter-output>
          </reporter-output>
        </test-method> <!-- setUp -->
        <test-method status="FAIL" signature="Flow1()[pri:0, instance:com.flipkart.qa.tests.HomePageTest@3532ec19]" name="Flow1" duration-ms="27" started-at="2018-11-27T19:34:25Z" finished-at="2018-11-27T19:34:25Z">
          <exception class="java.lang.NullPointerException">
            <full-stacktrace>
              <![CDATA[java.lang.NullPointerException
at com.flipkart.qa.pages.HomePage.LoadApplicationINHomePage(HomePage.java:76)
at com.flipkart.qa.tests.HomePageTest.Flow1(HomePageTest.java:47)
at sun.reflect.NativeMethodAccessorImpl.invoke0(Native Method)
at sun.reflect.NativeMethodAccessorImpl.invoke(Unknown Source)
at sun.reflect.DelegatingMethodAccessorImpl.invoke(Unknown Source)
at java.lang.reflect.Method.invoke(Unknown Source)
at org.testng.internal.MethodInvocationHelper.invokeMethod(MethodInvocationHelper.java:124)
at org.testng.internal.Invoker.invokeMethod(Invoker.java:580)
at org.testng.internal.Invoker.invokeTestMethod(Invoker.java:716)
at org.testng.internal.Invoker.invokeTestMethods(Invoker.java:988)
at org.testng.internal.TestMethodWorker.invokeTestMethods(TestMethodWorker.java:125)
at org.testng.internal.TestMethodWorker.run(TestMethodWorker.java:109)
at org.testng.TestRunner.privateRun(TestRunner.java:648)
at org.testng.TestRunner.run(TestRunner.java:505)
at org.testng.SuiteRunner.runTest(SuiteRunner.java:455)
at org.testng.SuiteRunner.runSequentially(SuiteRunner.java:450)
at org.testng.SuiteRunner.privateRun(SuiteRunner.java:415)
at org.testng.SuiteRunner.run(SuiteRunner.java:364)
at org.testng.SuiteRunnerWorker.runSuite(SuiteRunnerWorker.java:52)
at org.testng.SuiteRunnerWorker.run(SuiteRunnerWorker.java:84)
at org.testng.TestNG.runSuitesSequentially(TestNG.java:1208)
at org.testng.TestNG.runSuitesLocally(TestNG.java:1137)
at org.testng.TestNG.runSuites(TestNG.java:1049)
at org.testng.TestNG.run(TestNG.java:1017)
at org.testng.remote.AbstractRemoteTestNG.run(AbstractRemoteTestNG.java:114)
at org.testng.remote.RemoteTestNG.initAndRun(RemoteTestNG.java:251)
at org.testng.remote.RemoteTestNG.main(RemoteTestNG.java:77)
]]>
            </full-stacktrace>
          </exception> <!-- java.lang.NullPointerException -->
          <reporter-output>
          </reporter-output>
        </test-method> <!-- Flow1 -->
        <test-method status="PASS" signature="tearDown()[pri:0, instance:com.flipkart.qa.tests.HomePageTest@3532ec19]" name="tearDown" is-config="true" duration-ms="678" started-at="2018-11-27T19:34:25Z" finished-at="2018-11-27T19:34:26Z">
          <reporter-output>
          </reporter-output>
        </test-method> <!-- tearDown -->
      </class> <!-- com.flipkart.qa.tests.HomePageTest -->
    </test> <!-- Default test -->
  </suite> <!-- Default suite -->
</testng-results>
