<?xml version="1.0" encoding="UTF-8"?>
<testng-results skipped="0" failed="0" ignored="0" total="1" passed="1">
  <reporter-output>
  </reporter-output>
  <suite name="Default suite" duration-ms="28" started-at="2018-11-26T16:16:21Z" finished-at="2018-11-26T16:16:21Z">
    <groups>
    </groups>
    <test name="Default test" duration-ms="28" started-at="2018-11-26T16:16:21Z" finished-at="2018-11-26T16:16:21Z">
      <class name="Date">
        <test-method status="PASS" signature="datemap()[pri:0, instance:Date@100fc185]" name="datemap" duration-ms="8" started-at="2018-11-26T16:16:21Z" finished-at="2018-11-26T16:16:21Z">
          <reporter-output>
          </reporter-output>
        </test-method> <!-- datemap -->
      </class> <!-- Date -->
    </test> <!-- Default test -->
  </suite> <!-- Default suite -->
</testng-results>
